<?xml version="1.0" ?>
<coverage version="7.6.0" timestamp="1722547676068" lines-valid="268" lines-covered="89" line-rate="0.3321" branches-valid="70" branches-covered="12" branch-rate="0.1714" complexity="0">
	<!-- Generated by coverage.py: https://coverage.readthedocs.io/en/7.6.0 -->
	<!-- Based on https://raw.githubusercontent.com/cobertura/web/master/htdocs/xml/coverage-04.dtd -->
	<sources>
		<source>/home/pwei/projects/bcgov/bcros-common/notify-delivery/src</source>
	</sources>
	<packages>
		<package name="notify_delivery" line-rate="0.7882" branch-rate="0.3333" complexity="0">
			<classes>
				<class name="__init__.py" filename="notify_delivery/__init__.py" complexity="0" line-rate="0.1" branch-rate="0">
					<methods/>
					<lines>
						<line number="35" hits="1"/>
						<line number="37" hits="0"/>
						<line number="40" hits="0"/>
						<line number="43" hits="0" branch="true" condition-coverage="0% (0/2)" missing-branches="44,48"/>
						<line number="44" hits="0"/>
						<line number="45" hits="0"/>
						<line number="46" hits="0"/>
						<line number="48" hits="0"/>
						<line number="50" hits="0"/>
						<line number="52" hits="0"/>
					</lines>
				</class>
				<class name="config.py" filename="notify_delivery/config.py" complexity="0" line-rate="0.8696" branch-rate="0.5">
					<methods/>
					<lines>
						<line number="25" hits="1"/>
						<line number="28" hits="1"/>
						<line number="29" hits="1"/>
						<line number="30" hits="1"/>
						<line number="32" hits="1"/>
						<line number="33" hits="1"/>
						<line number="34" hits="1"/>
						<line number="37" hits="1"/>
						<line number="38" hits="1"/>
						<line number="39" hits="1"/>
						<line number="40" hits="1"/>
						<line number="41" hits="1"/>
						<line number="44" hits="1" branch="true" condition-coverage="50% (1/2)" missing-branches="45"/>
						<line number="45" hits="0"/>
						<line number="49" hits="1"/>
						<line number="51" hits="1" branch="true" condition-coverage="50% (1/2)" missing-branches="53"/>
						<line number="53" hits="0"/>
						<line number="54" hits="0"/>
						<line number="55" hits="0"/>
						<line number="56" hits="0"/>
						<line number="57" hits="0"/>
						<line number="58" hits="0"/>
						<line number="59" hits="0"/>
						<line number="60" hits="0"/>
						<line number="63" hits="1"/>
						<line number="64" hits="1"/>
						<line number="65" hits="1"/>
						<line number="66" hits="1"/>
						<line number="67" hits="1"/>
						<line number="68" hits="1"/>
						<line number="71" hits="1"/>
						<line number="72" hits="1"/>
						<line number="73" hits="1"/>
						<line number="74" hits="1"/>
						<line number="75" hits="1"/>
						<line number="76" hits="1"/>
						<line number="79" hits="1"/>
						<line number="82" hits="1"/>
						<line number="85" hits="1"/>
						<line number="88" hits="1"/>
						<line number="91" hits="1"/>
						<line number="94" hits="1"/>
						<line number="95" hits="1"/>
						<line number="98" hits="1"/>
						<line number="101" hits="1"/>
						<line number="102" hits="1"/>
						<line number="105" hits="1"/>
						<line number="108" hits="1"/>
						<line number="109" hits="1"/>
						<line number="110" hits="1"/>
						<line number="111" hits="1"/>
						<line number="114" hits="1"/>
						<line number="115" hits="1"/>
						<line number="116" hits="1"/>
						<line number="117" hits="1"/>
						<line number="118" hits="1"/>
						<line number="119" hits="1"/>
						<line number="122" hits="1"/>
						<line number="125" hits="1"/>
						<line number="126" hits="1"/>
						<line number="127" hits="1"/>
						<line number="128" hits="1"/>
						<line number="131" hits="1"/>
						<line number="132" hits="1"/>
						<line number="133" hits="1"/>
						<line number="134" hits="1"/>
						<line number="135" hits="1"/>
						<line number="136" hits="1"/>
						<line number="139" hits="1"/>
					</lines>
				</class>
				<class name="metadata.py" filename="notify_delivery/metadata.py" complexity="0" line-rate="1" branch-rate="1">
					<methods/>
					<lines>
						<line number="19" hits="1"/>
						<line number="20" hits="1"/>
						<line number="21" hits="1"/>
						<line number="22" hits="1"/>
						<line number="23" hits="1"/>
						<line number="24" hits="1"/>
					</lines>
				</class>
			</classes>
		</package>
		<package name="notify_delivery.resources" line-rate="0.1075" branch-rate="0.2" complexity="0">
			<classes>
				<class name="__init__.py" filename="notify_delivery/resources/__init__.py" complexity="0" line-rate="0.1667" branch-rate="0">
					<methods/>
					<lines>
						<line number="22" hits="1"/>
						<line number="25" hits="0"/>
						<line number="27" hits="0" branch="true" condition-coverage="0% (0/2)" missing-branches="28,30"/>
						<line number="28" hits="0"/>
						<line number="30" hits="0"/>
						<line number="32" hits="0"/>
					</lines>
				</class>
				<class name="email_smtp.py" filename="notify_delivery/resources/email_smtp.py" complexity="0" line-rate="0.1042" branch-rate="0.2727">
					<methods/>
					<lines>
						<line number="27" hits="1"/>
						<line number="30" hits="1" branch="true" condition-coverage="100% (2/2)"/>
						<line number="31" hits="1" branch="true" condition-coverage="100% (2/2)"/>
						<line number="32" hits="1" branch="true" condition-coverage="100% (2/2)"/>
						<line number="34" hits="0" branch="true" condition-coverage="0% (0/2)" missing-branches="35,38"/>
						<line number="35" hits="0"/>
						<line number="36" hits="0"/>
						<line number="38" hits="0" branch="true" condition-coverage="0% (0/2)" missing-branches="40,43"/>
						<line number="40" hits="0"/>
						<line number="41" hits="0"/>
						<line number="43" hits="0"/>
						<line number="44" hits="0"/>
						<line number="45" hits="0" branch="true" condition-coverage="0% (0/2)" missing-branches="46,48"/>
						<line number="46" hits="0"/>
						<line number="48" hits="0"/>
						<line number="50" hits="0"/>
						<line number="51" hits="0"/>
						<line number="52" hits="0"/>
						<line number="53" hits="0"/>
						<line number="55" hits="0"/>
						<line number="58" hits="1"/>
						<line number="60" hits="0"/>
						<line number="62" hits="0" branch="true" condition-coverage="0% (0/2)" missing-branches="63,65"/>
						<line number="63" hits="0"/>
						<line number="65" hits="0" branch="true" condition-coverage="0% (0/2)" missing-branches="66,68"/>
						<line number="66" hits="0"/>
						<line number="68" hits="0"/>
						<line number="69" hits="0"/>
						<line number="71" hits="0" branch="true" condition-coverage="0% (0/2)" missing-branches="72,75"/>
						<line number="72" hits="0"/>
						<line number="75" hits="0"/>
						<line number="76" hits="0"/>
						<line number="77" hits="0"/>
						<line number="78" hits="0"/>
						<line number="79" hits="0"/>
						<line number="80" hits="0"/>
						<line number="82" hits="0"/>
						<line number="83" hits="0"/>
						<line number="84" hits="0"/>
						<line number="86" hits="0" branch="true" condition-coverage="0% (0/2)" missing-branches="87,99"/>
						<line number="87" hits="0" branch="true" condition-coverage="0% (0/2)" missing-branches="89,92"/>
						<line number="89" hits="0"/>
						<line number="92" hits="0"/>
						<line number="93" hits="0"/>
						<line number="94" hits="0"/>
						<line number="95" hits="0"/>
						<line number="97" hits="0"/>
						<line number="99" hits="0"/>
					</lines>
				</class>
				<class name="gc_notify.py" filename="notify_delivery/resources/gc_notify.py" complexity="0" line-rate="0.1026" branch-rate="0.125">
					<methods/>
					<lines>
						<line number="25" hits="1"/>
						<line number="28" hits="1"/>
						<line number="29" hits="1" branch="true" condition-coverage="100% (2/2)"/>
						<line number="31" hits="0" branch="true" condition-coverage="0% (0/2)" missing-branches="32,35"/>
						<line number="32" hits="0"/>
						<line number="33" hits="0"/>
						<line number="35" hits="0" branch="true" condition-coverage="0% (0/2)" missing-branches="37,40"/>
						<line number="37" hits="0"/>
						<line number="38" hits="0"/>
						<line number="40" hits="0"/>
						<line number="41" hits="0"/>
						<line number="42" hits="0" branch="true" condition-coverage="0% (0/2)" missing-branches="43,45"/>
						<line number="43" hits="0"/>
						<line number="45" hits="0"/>
						<line number="47" hits="0"/>
						<line number="49" hits="0"/>
						<line number="50" hits="0"/>
						<line number="51" hits="0"/>
						<line number="53" hits="0"/>
						<line number="56" hits="1"/>
						<line number="58" hits="0"/>
						<line number="60" hits="0"/>
						<line number="61" hits="0"/>
						<line number="63" hits="0" branch="true" condition-coverage="0% (0/2)" missing-branches="64,68"/>
						<line number="64" hits="0"/>
						<line number="68" hits="0" branch="true" condition-coverage="0% (0/2)" missing-branches="69,73"/>
						<line number="69" hits="0"/>
						<line number="73" hits="0"/>
						<line number="74" hits="0"/>
						<line number="76" hits="0" branch="true" condition-coverage="0% (0/2)" missing-branches="77,87"/>
						<line number="77" hits="0"/>
						<line number="78" hits="0"/>
						<line number="80" hits="0" branch="true" condition-coverage="0% (0/2)" missing-branches="82,85"/>
						<line number="82" hits="0"/>
						<line number="85" hits="0"/>
						<line number="87" hits="0"/>
						<line number="88" hits="0"/>
						<line number="90" hits="0"/>
						<line number="92" hits="0"/>
					</lines>
				</class>
			</classes>
		</package>
		<package name="notify_delivery.services" line-rate="1" branch-rate="1" complexity="0">
			<classes>
				<class name="__init__.py" filename="notify_delivery/services/__init__.py" complexity="0" line-rate="1" branch-rate="1">
					<methods/>
					<lines/>
				</class>
			</classes>
		</package>
		<package name="notify_delivery.services.gcp_queue" line-rate="0.2609" branch-rate="0.2" complexity="0">
			<classes>
				<class name="__init__.py" filename="notify_delivery/services/gcp_queue/__init__.py" complexity="0" line-rate="1" branch-rate="1">
					<methods/>
					<lines>
						<line number="37" hits="1"/>
					</lines>
				</class>
				<class name="gcp_auth.py" filename="notify_delivery/services/gcp_queue/gcp_auth.py" complexity="0" line-rate="0.2273" branch-rate="0.2">
					<methods/>
					<lines>
						<line number="16" hits="1"/>
						<line number="18" hits="0"/>
						<line number="19" hits="0"/>
						<line number="20" hits="0"/>
						<line number="24" hits="0"/>
						<line number="25" hits="0" branch="true" condition-coverage="0% (0/2)" missing-branches="26,29"/>
						<line number="26" hits="0"/>
						<line number="27" hits="0"/>
						<line number="28" hits="0"/>
						<line number="29" hits="0"/>
						<line number="32" hits="1"/>
						<line number="35" hits="1"/>
						<line number="36" hits="1" branch="true" condition-coverage="100% (2/2)"/>
						<line number="38" hits="0" branch="true" condition-coverage="0% (0/2)" missing-branches="39,40"/>
						<line number="39" hits="0"/>
						<line number="40" hits="0"/>
						<line number="41" hits="0"/>
						<line number="42" hits="0" branch="true" condition-coverage="0% (0/2)" missing-branches="43,45"/>
						<line number="43" hits="0" branch="true" condition-coverage="0% (0/2)" missing-branches="44,45"/>
						<line number="44" hits="0"/>
						<line number="45" hits="0"/>
						<line number="47" hits="1"/>
					</lines>
				</class>
			</classes>
		</package>
		<package name="notify_delivery.services.providers" line-rate="0.08955" branch-rate="0" complexity="0">
			<classes>
				<class name="__init__.py" filename="notify_delivery/services/providers/__init__.py" complexity="0" line-rate="1" branch-rate="1">
					<methods/>
					<lines/>
				</class>
				<class name="email_smtp.py" filename="notify_delivery/services/providers/email_smtp.py" complexity="0" line-rate="0.07317" branch-rate="0">
					<methods/>
					<lines>
						<line number="28" hits="1"/>
						<line number="31" hits="1"/>
						<line number="33" hits="0"/>
						<line number="34" hits="0"/>
						<line number="36" hits="0"/>
						<line number="38" hits="1"/>
						<line number="40" hits="0"/>
						<line number="41" hits="0"/>
						<line number="42" hits="0"/>
						<line number="44" hits="0"/>
						<line number="45" hits="0"/>
						<line number="47" hits="0" branch="true" condition-coverage="0% (0/2)" missing-branches="48,67"/>
						<line number="48" hits="0" branch="true" condition-coverage="0% (0/2)" missing-branches="49,67"/>
						<line number="49" hits="0"/>
						<line number="50" hits="0"/>
						<line number="51" hits="0"/>
						<line number="53" hits="0"/>
						<line number="54" hits="0"/>
						<line number="55" hits="0"/>
						<line number="56" hits="0"/>
						<line number="58" hits="0"/>
						<line number="59" hits="0"/>
						<line number="60" hits="0"/>
						<line number="61" hits="0"/>
						<line number="63" hits="0"/>
						<line number="65" hits="0"/>
						<line number="67" hits="0"/>
						<line number="69" hits="0"/>
						<line number="70" hits="0"/>
						<line number="71" hits="0"/>
						<line number="72" hits="0" branch="true" condition-coverage="0% (0/2)" missing-branches="73,84"/>
						<line number="73" hits="0"/>
						<line number="74" hits="0"/>
						<line number="75" hits="0"/>
						<line number="76" hits="0"/>
						<line number="77" hits="0"/>
						<line number="78" hits="0"/>
						<line number="80" hits="0"/>
						<line number="81" hits="0"/>
						<line number="82" hits="0"/>
						<line number="84" hits="0"/>
					</lines>
				</class>
				<class name="gc_notify.py" filename="notify_delivery/services/providers/gc_notify.py" complexity="0" line-rate="0.1154" branch-rate="0">
					<methods/>
					<lines>
						<line number="24" hits="1"/>
						<line number="27" hits="1"/>
						<line number="29" hits="0"/>
						<line number="30" hits="0"/>
						<line number="31" hits="0"/>
						<line number="32" hits="0"/>
						<line number="33" hits="0"/>
						<line number="34" hits="0"/>
						<line number="36" hits="1"/>
						<line number="38" hits="0"/>
						<line number="40" hits="0"/>
						<line number="45" hits="0" branch="true" condition-coverage="0% (0/2)" missing-branches="46,54"/>
						<line number="46" hits="0" branch="true" condition-coverage="0% (0/2)" missing-branches="47,54"/>
						<line number="47" hits="0"/>
						<line number="48" hits="0"/>
						<line number="54" hits="0"/>
						<line number="57" hits="0" branch="true" condition-coverage="0% (0/2)" missing-branches="58,73"/>
						<line number="58" hits="0"/>
						<line number="59" hits="0"/>
						<line number="66" hits="0"/>
						<line number="67" hits="0"/>
						<line number="68" hits="0" branch="true" condition-coverage="0% (0/2)" missing-branches="69,70"/>
						<line number="69" hits="0"/>
						<line number="70" hits="0"/>
						<line number="71" hits="0"/>
						<line number="73" hits="0"/>
					</lines>
				</class>
			</classes>
		</package>
	</packages>
</coverage>
